<?xml version="1.0" encoding="UTF-8"?>
<!-- Generated by org.testng.reporters.JUnitReportReporter -->
<testsuite hostname="OSIT-L-0354" name="com.cucumber.framework.runner.login.LoginRunner" tests="1" failures="0" timestamp="9 May 2018 05:21:09 GMT" time="17.627" errors="0">
  <testcase name="feature" time="17.627" classname="com.cucumber.framework.runner.login.LoginRunner"/>
</testsuite> <!-- com.cucumber.framework.runner.login.LoginRunner -->
