<?xml version="1.0" encoding="UTF-8"?>
<!-- Generated by org.testng.reporters.JUnitReportReporter -->
<testsuite hostname="OSIT-L-0354" name="com.cucumber.framework.runner.FacebookLoginFeatureRunner" tests="1" failures="0" timestamp="9 May 2018 05:20:24 GMT" time="4.863" errors="0">
  <testcase name="feature" time="4.863" classname="com.cucumber.framework.runner.FacebookLoginFeatureRunner"/>
</testsuite> <!-- com.cucumber.framework.runner.FacebookLoginFeatureRunner -->
